# JRE version: Java(TM) SE Runtime Environment (8.0_251-b08) (build 1.8.0_251-b08)
# Java VM: Java HotSpot(TM) 64-Bit Server VM (25.251-b08 mixed mode windows-amd64 compressed oops)
Heap:
 PSYoungGen      total 168960K, used 131163K [0x000000076b200000, 0x0000000778500000, 0x00000007c0000000)
  eden space 157696K, 83% used [0x000000076b200000,0x0000000773216c08,0x0000000774c00000)
  from space 11264K, 0% used [0x0000000775780000,0x0000000775780000,0x0000000776280000)
  to   space 11776K, 0% used [0x0000000774c00000,0x0000000774c00000,0x0000000775780000)
 ParOldGen       total 150016K, used 14346K [0x00000006c1600000, 0x00000006ca880000, 0x000000076b200000)
  object space 150016K, 9% used [0x00000006c1600000,0x00000006c2402a68,0x00000006ca880000)
 Metaspace       used 41391K, capacity 43286K, committed 43352K, reserved 1087488K
  class space    used 5360K, capacity 5743K, committed 5760K, reserved 1048576K
GC Heap History (10 events):
Event: 1.681 GC heap before
{Heap before GC invocations=4 (full 1):
 PSYoungGen      total 76288K, used 6891K [0x000000076b200000, 0x0000000774700000, 0x00000007c0000000)
  eden space 65536K, 0% used [0x000000076b200000,0x000000076b200000,0x000000076f200000)
  from space 10752K, 64% used [0x000000076f200000,0x000000076f8bacb0,0x000000076fc80000)
  to   space 10752K, 0% used [0x0000000773c80000,0x0000000773c80000,0x0000000774700000)
 ParOldGen       total 175104K, used 96K [0x00000006c1600000, 0x00000006cc100000, 0x000000076b200000)
  object space 175104K, 0% used [0x00000006c1600000,0x00000006c1618010,0x00000006cc100000)
 Metaspace       used 20389K, capacity 21122K, committed 21248K, reserved 1067008K
  class space    used 2537K, capacity 2731K, committed 2816K, reserved 1048576K
Event: 1.714 GC heap after
Heap after GC invocations=4 (full 1):
 PSYoungGen      total 76288K, used 0K [0x000000076b200000, 0x0000000774700000, 0x00000007c0000000)
  eden space 65536K, 0% used [0x000000076b200000,0x000000076b200000,0x000000076f200000)
  from space 10752K, 0% used [0x000000076f200000,0x000000076f200000,0x000000076fc80000)
  to   space 10752K, 0% used [0x0000000773c80000,0x0000000773c80000,0x0000000774700000)
 ParOldGen       total 98304K, used 6701K [0x00000006c1600000, 0x00000006c7600000, 0x000000076b200000)
  object space 98304K, 6% used [0x00000006c1600000,0x00000006c1c8b708,0x00000006c7600000)
 Metaspace       used 20389K, capacity 21122K, committed 21248K, reserved 1067008K
  class space    used 2537K, capacity 2731K, committed 2816K, reserved 1048576K
}
Event: 2.170 GC heap before
{Heap before GC invocations=5 (full 1):
 PSYoungGen      total 76288K, used 65536K [0x000000076b200000, 0x0000000774700000, 0x00000007c0000000)
  eden space 65536K, 100% used [0x000000076b200000,0x000000076f200000,0x000000076f200000)
  from space 10752K, 0% used [0x000000076f200000,0x000000076f200000,0x000000076fc80000)
  to   space 10752K, 0% used [0x0000000773c80000,0x0000000773c80000,0x0000000774700000)
 ParOldGen       total 98304K, used 6701K [0x00000006c1600000, 0x00000006c7600000, 0x000000076b200000)
  object space 98304K, 6% used [0x00000006c1600000,0x00000006c1c8b708,0x00000006c7600000)
 Metaspace       used 24187K, capacity 25060K, committed 25344K, reserved 1071104K
  class space    used 3021K, capacity 3232K, committed 3328K, reserved 1048576K
Event: 2.175 GC heap after
Heap after GC invocations=5 (full 1):
 PSYoungGen      total 109056K, used 5958K [0x000000076b200000, 0x0000000774280000, 0x00000007c0000000)
  eden space 102912K, 0% used [0x000000076b200000,0x000000076b200000,0x0000000771680000)
  from space 6144K, 96% used [0x0000000773c80000,0x00000007742519f8,0x0000000774280000)
  to   space 10752K, 0% used [0x0000000772d80000,0x0000000772d80000,0x0000000773800000)
 ParOldGen       total 98304K, used 6709K [0x00000006c1600000, 0x00000006c7600000, 0x000000076b200000)
  object space 98304K, 6% used [0x00000006c1600000,0x00000006c1c8d708,0x00000006c7600000)
 Metaspace       used 24187K, capacity 25060K, committed 25344K, reserved 1071104K
  class space    used 3021K, capacity 3232K, committed 3328K, reserved 1048576K
}
Event: 3.072 GC heap before
{Heap before GC invocations=6 (full 1):
 PSYoungGen      total 109056K, used 108870K [0x000000076b200000, 0x0000000774280000, 0x00000007c0000000)
  eden space 102912K, 100% used [0x000000076b200000,0x0000000771680000,0x0000000771680000)
  from space 6144K, 96% used [0x0000000773c80000,0x00000007742519f8,0x0000000774280000)
  to   space 10752K, 0% used [0x0000000772d80000,0x0000000772d80000,0x0000000773800000)
 ParOldGen       total 98304K, used 6709K [0x00000006c1600000, 0x00000006c7600000, 0x000000076b200000)
  object space 98304K, 6% used [0x00000006c1600000,0x00000006c1c8d708,0x00000006c7600000)
 Metaspace       used 29540K, capacity 30814K, committed 30976K, reserved 1077248K
  class space    used 3831K, capacity 4079K, committed 4096K, reserved 1048576K
Event: 3.084 GC heap after
Heap after GC invocations=6 (full 1):
 PSYoungGen      total 137216K, used 9638K [0x000000076b200000, 0x0000000776280000, 0x00000007c0000000)
  eden space 126464K, 0% used [0x000000076b200000,0x000000076b200000,0x0000000772d80000)
  from space 10752K, 89% used [0x0000000772d80000,0x00000007736e9960,0x0000000773800000)
  to   space 11264K, 0% used [0x0000000775780000,0x0000000775780000,0x0000000776280000)
 ParOldGen       total 98304K, used 6717K [0x00000006c1600000, 0x00000006c7600000, 0x000000076b200000)
  object space 98304K, 6% used [0x00000006c1600000,0x00000006c1c8f708,0x00000006c7600000)
 Metaspace       used 29540K, capacity 30814K, committed 30976K, reserved 1077248K
  class space    used 3831K, capacity 4079K, committed 4096K, reserved 1048576K
}
Event: 3.608 GC heap before
{Heap before GC invocations=7 (full 1):
 PSYoungGen      total 137216K, used 96091K [0x000000076b200000, 0x0000000776280000, 0x00000007c0000000)
  eden space 126464K, 68% used [0x000000076b200000,0x000000077066d2e8,0x0000000772d80000)
  from space 10752K, 89% used [0x0000000772d80000,0x00000007736e9960,0x0000000773800000)
  to   space 11264K, 0% used [0x0000000775780000,0x0000000775780000,0x0000000776280000)
 ParOldGen       total 98304K, used 6717K [0x00000006c1600000, 0x00000006c7600000, 0x000000076b200000)
  object space 98304K, 6% used [0x00000006c1600000,0x00000006c1c8f708,0x00000006c7600000)
 Metaspace       used 33747K, capacity 35332K, committed 35416K, reserved 1079296K
  class space    used 4365K, capacity 4660K, committed 4736K, reserved 1048576K
Event: 3.617 GC heap after
Heap after GC invocations=7 (full 1):
 PSYoungGen      total 168960K, used 9842K [0x000000076b200000, 0x0000000778500000, 0x00000007c0000000)
  eden space 157696K, 0% used [0x000000076b200000,0x000000076b200000,0x0000000774c00000)
  from space 11264K, 87% used [0x0000000775780000,0x000000077611c9a8,0x0000000776280000)
  to   space 11776K, 0% used [0x0000000774c00000,0x0000000774c00000,0x0000000775780000)
 ParOldGen       total 98304K, used 6725K [0x00000006c1600000, 0x00000006c7600000, 0x000000076b200000)
  object space 98304K, 6% used [0x00000006c1600000,0x00000006c1c91708,0x00000006c7600000)
 Metaspace       used 33747K, capacity 35332K, committed 35416K, reserved 1079296K
  class space    used 4365K, capacity 4660K, committed 4736K, reserved 1048576K
}
Event: 3.617 GC heap before
{Heap before GC invocations=8 (full 2):
 PSYoungGen      total 168960K, used 9842K [0x000000076b200000, 0x0000000778500000, 0x00000007c0000000)
  eden space 157696K, 0% used [0x000000076b200000,0x000000076b200000,0x0000000774c00000)
  from space 11264K, 87% used [0x0000000775780000,0x000000077611c9a8,0x0000000776280000)
  to   space 11776K, 0% used [0x0000000774c00000,0x0000000774c00000,0x0000000775780000)
 ParOldGen       total 98304K, used 6725K [0x00000006c1600000, 0x00000006c7600000, 0x000000076b200000)
  object space 98304K, 6% used [0x00000006c1600000,0x00000006c1c91708,0x00000006c7600000)
 Metaspace       used 33747K, capacity 35332K, committed 35416K, reserved 1079296K
  class space    used 4365K, capacity 4660K, committed 4736K, reserved 1048576K
Event: 3.655 GC heap after
Heap after GC invocations=8 (full 2):
 PSYoungGen      total 168960K, used 0K [0x000000076b200000, 0x0000000778500000, 0x00000007c0000000)
  eden space 157696K, 0% used [0x000000076b200000,0x000000076b200000,0x0000000774c00000)
  from space 11264K, 0% used [0x0000000775780000,0x0000000775780000,0x0000000776280000)
  to   space 11776K, 0% used [0x0000000774c00000,0x0000000774c00000,0x0000000775780000)
 ParOldGen       total 150016K, used 14346K [0x00000006c1600000, 0x00000006ca880000, 0x000000076b200000)
  object space 150016K, 9% used [0x00000006c1600000,0x00000006c2402a68,0x00000006ca880000)
 Metaspace       used 33747K, capacity 35332K, committed 35416K, reserved 1079296K
  class space    used 4365K, capacity 4660K, committed 4736K, reserved 1048576K
}

