# JRE version: Java(TM) SE Runtime Environment (8.0_251-b08) (build 1.8.0_251-b08)
# Java VM: Java HotSpot(TM) 64-Bit Server VM (25.251-b08 mixed mode windows-amd64 compressed oops)
Heap:
 PSYoungGen      total 237568K, used 155363K [0x000000076b200000, 0x000000077b000000, 0x00000007c0000000)
  eden space 222208K, 69% used [0x000000076b200000,0x00000007749b8e68,0x0000000778b00000)
  from space 15360K, 0% used [0x0000000779900000,0x0000000779900000,0x000000077a800000)
  to   space 14336K, 0% used [0x0000000778b00000,0x0000000778b00000,0x0000000779900000)
 ParOldGen       total 79872K, used 12894K [0x00000006c1600000, 0x00000006c6400000, 0x000000076b200000)
  object space 79872K, 16% used [0x00000006c1600000,0x00000006c2297b70,0x00000006c6400000)
 Metaspace       used 40860K, capacity 43268K, committed 43392K, reserved 1087488K
  class space    used 5449K, capacity 5939K, committed 6016K, reserved 1048576K
GC Heap History (10 events):
Event: 5.246 GC heap before
{Heap before GC invocations=4 (full 1):
 PSYoungGen      total 76288K, used 5829K [0x000000076b200000, 0x0000000774700000, 0x00000007c0000000)
  eden space 65536K, 0% used [0x000000076b200000,0x000000076b200000,0x000000076f200000)
  from space 10752K, 54% used [0x000000076f200000,0x000000076f7b1488,0x000000076fc80000)
  to   space 10752K, 0% used [0x0000000773c80000,0x0000000773c80000,0x0000000774700000)
 ParOldGen       total 175104K, used 300K [0x00000006c1600000, 0x00000006cc100000, 0x000000076b200000)
  object space 175104K, 0% used [0x00000006c1600000,0x00000006c164b368,0x00000006cc100000)
 Metaspace       used 20429K, capacity 21148K, committed 21296K, reserved 1067008K
  class space    used 2655K, capacity 2821K, committed 2944K, reserved 1048576K
Event: 5.271 GC heap after
Heap after GC invocations=4 (full 1):
 PSYoungGen      total 76288K, used 0K [0x000000076b200000, 0x0000000774700000, 0x00000007c0000000)
  eden space 65536K, 0% used [0x000000076b200000,0x000000076b200000,0x000000076f200000)
  from space 10752K, 0% used [0x000000076f200000,0x000000076f200000,0x000000076fc80000)
  to   space 10752K, 0% used [0x0000000773c80000,0x0000000773c80000,0x0000000774700000)
 ParOldGen       total 79872K, used 5743K [0x00000006c1600000, 0x00000006c6400000, 0x000000076b200000)
  object space 79872K, 7% used [0x00000006c1600000,0x00000006c1b9bfe8,0x00000006c6400000)
 Metaspace       used 20429K, capacity 21148K, committed 21296K, reserved 1067008K
  class space    used 2655K, capacity 2821K, committed 2944K, reserved 1048576K
}
Event: 6.341 GC heap before
{Heap before GC invocations=5 (full 1):
 PSYoungGen      total 76288K, used 65536K [0x000000076b200000, 0x0000000774700000, 0x00000007c0000000)
  eden space 65536K, 100% used [0x000000076b200000,0x000000076f200000,0x000000076f200000)
  from space 10752K, 0% used [0x000000076f200000,0x000000076f200000,0x000000076fc80000)
  to   space 10752K, 0% used [0x0000000773c80000,0x0000000773c80000,0x0000000774700000)
 ParOldGen       total 79872K, used 5743K [0x00000006c1600000, 0x00000006c6400000, 0x000000076b200000)
  object space 79872K, 7% used [0x00000006c1600000,0x00000006c1b9bfe8,0x00000006c6400000)
 Metaspace       used 23447K, capacity 24544K, committed 24704K, reserved 1071104K
  class space    used 3095K, capacity 3368K, committed 3456K, reserved 1048576K
Event: 6.347 GC heap after
Heap after GC invocations=5 (full 1):
 PSYoungGen      total 128000K, used 6389K [0x000000076b200000, 0x0000000774300000, 0x00000007c0000000)
  eden space 121344K, 0% used [0x000000076b200000,0x000000076b200000,0x0000000772880000)
  from space 6656K, 95% used [0x0000000773c80000,0x00000007742bd6d0,0x0000000774300000)
  to   space 10752K, 0% used [0x0000000772e00000,0x0000000772e00000,0x0000000773880000)
 ParOldGen       total 79872K, used 5751K [0x00000006c1600000, 0x00000006c6400000, 0x000000076b200000)
  object space 79872K, 7% used [0x00000006c1600000,0x00000006c1b9dfe8,0x00000006c6400000)
 Metaspace       used 23447K, capacity 24544K, committed 24704K, reserved 1071104K
  class space    used 3095K, capacity 3368K, committed 3456K, reserved 1048576K
}
Event: 8.359 GC heap before
{Heap before GC invocations=6 (full 1):
 PSYoungGen      total 128000K, used 127733K [0x000000076b200000, 0x0000000774300000, 0x00000007c0000000)
  eden space 121344K, 100% used [0x000000076b200000,0x0000000772880000,0x0000000772880000)
  from space 6656K, 95% used [0x0000000773c80000,0x00000007742bd6d0,0x0000000774300000)
  to   space 10752K, 0% used [0x0000000772e00000,0x0000000772e00000,0x0000000773880000)
 ParOldGen       total 79872K, used 5751K [0x00000006c1600000, 0x00000006c6400000, 0x000000076b200000)
  object space 79872K, 7% used [0x00000006c1600000,0x00000006c1b9dfe8,0x00000006c6400000)
 Metaspace       used 32104K, capacity 33862K, committed 34048K, reserved 1079296K
  class space    used 4229K, capacity 4569K, committed 4608K, reserved 1048576K
Event: 8.371 GC heap after
Heap after GC invocations=6 (full 1):
 PSYoungGen      total 137728K, used 10720K [0x000000076b200000, 0x000000077a800000, 0x00000007c0000000)
  eden space 126976K, 0% used [0x000000076b200000,0x000000076b200000,0x0000000772e00000)
  from space 10752K, 99% used [0x0000000772e00000,0x0000000773878010,0x0000000773880000)
  to   space 15360K, 0% used [0x0000000779900000,0x0000000779900000,0x000000077a800000)
 ParOldGen       total 79872K, used 8517K [0x00000006c1600000, 0x00000006c6400000, 0x000000076b200000)
  object space 79872K, 10% used [0x00000006c1600000,0x00000006c1e51788,0x00000006c6400000)
 Metaspace       used 32104K, capacity 33862K, committed 34048K, reserved 1079296K
  class space    used 4229K, capacity 4569K, committed 4608K, reserved 1048576K
}
Event: 8.654 GC heap before
{Heap before GC invocations=7 (full 1):
 PSYoungGen      total 137728K, used 27309K [0x000000076b200000, 0x000000077a800000, 0x00000007c0000000)
  eden space 126976K, 13% used [0x000000076b200000,0x000000076c233540,0x0000000772e00000)
  from space 10752K, 99% used [0x0000000772e00000,0x0000000773878010,0x0000000773880000)
  to   space 15360K, 0% used [0x0000000779900000,0x0000000779900000,0x000000077a800000)
 ParOldGen       total 79872K, used 8517K [0x00000006c1600000, 0x00000006c6400000, 0x000000076b200000)
  object space 79872K, 10% used [0x00000006c1600000,0x00000006c1e51788,0x00000006c6400000)
 Metaspace       used 33577K, capacity 35366K, committed 35496K, reserved 1079296K
  class space    used 4433K, capacity 4787K, committed 4864K, reserved 1048576K
Event: 8.660 GC heap after
Heap after GC invocations=7 (full 1):
 PSYoungGen      total 237568K, used 7805K [0x000000076b200000, 0x000000077b000000, 0x00000007c0000000)
  eden space 222208K, 0% used [0x000000076b200000,0x000000076b200000,0x0000000778b00000)
  from space 15360K, 50% used [0x0000000779900000,0x000000077a09f6d0,0x000000077a800000)
  to   space 14336K, 0% used [0x0000000778b00000,0x0000000778b00000,0x0000000779900000)
 ParOldGen       total 79872K, used 8525K [0x00000006c1600000, 0x00000006c6400000, 0x000000076b200000)
  object space 79872K, 10% used [0x00000006c1600000,0x00000006c1e53788,0x00000006c6400000)
 Metaspace       used 33577K, capacity 35366K, committed 35496K, reserved 1079296K
  class space    used 4433K, capacity 4787K, committed 4864K, reserved 1048576K
}
Event: 8.660 GC heap before
{Heap before GC invocations=8 (full 2):
 PSYoungGen      total 237568K, used 7805K [0x000000076b200000, 0x000000077b000000, 0x00000007c0000000)
  eden space 222208K, 0% used [0x000000076b200000,0x000000076b200000,0x0000000778b00000)
  from space 15360K, 50% used [0x0000000779900000,0x000000077a09f6d0,0x000000077a800000)
  to   space 14336K, 0% used [0x0000000778b00000,0x0000000778b00000,0x0000000779900000)
 ParOldGen       total 79872K, used 8525K [0x00000006c1600000, 0x00000006c6400000, 0x000000076b200000)
  object space 79872K, 10% used [0x00000006c1600000,0x00000006c1e53788,0x00000006c6400000)
 Metaspace       used 33577K, capacity 35366K, committed 35496K, reserved 1079296K
  class space    used 4433K, capacity 4787K, committed 4864K, reserved 1048576K
Event: 8.700 GC heap after
Heap after GC invocations=8 (full 2):
 PSYoungGen      total 237568K, used 0K [0x000000076b200000, 0x000000077b000000, 0x00000007c0000000)
  eden space 222208K, 0% used [0x000000076b200000,0x000000076b200000,0x0000000778b00000)
  from space 15360K, 0% used [0x0000000779900000,0x0000000779900000,0x000000077a800000)
  to   space 14336K, 0% used [0x0000000778b00000,0x0000000778b00000,0x0000000779900000)
 ParOldGen       total 79872K, used 12894K [0x00000006c1600000, 0x00000006c6400000, 0x000000076b200000)
  object space 79872K, 16% used [0x00000006c1600000,0x00000006c2297b70,0x00000006c6400000)
 Metaspace       used 33577K, capacity 35366K, committed 35496K, reserved 1079296K
  class space    used 4433K, capacity 4787K, committed 4864K, reserved 1048576K
}

